[LOG] System::create                           : Header version = 2.01.11. Current version = 2.01.11.
[LOG] Manager::init                            : maxchannels = 256 studioflags = 00000006 flags 00000000 extradriverdata 0000000000000000.
[LOG] SystemI::init                            : Initialize version=20111 (118066), maxchannels=256, flags=0x00020000
[LOG] SystemI::setOutputInternal               : Setting output to 'FMOD WASAPI Output'
[LOG] OutputWASAPI::init                       : Mix Format (WAVEFORMATEX): wFormatTag=0xFFFE, nChannels=2, nSamplesPerSec=48000, nAvgBytesPerSec=384000, nBlockAlign=8, wBitsPerSample=32, cbSize=22.
[LOG] OutputWASAPI::init                       : Mix Format (WAVEFORMATEXTENSIBLE): wValidBitsPerSample=32, dwChannelMask=0x00000003, SubFormat=00000003-0000-0010-8000-00AA00389B71.
[LOG] OutputWASAPI::init                       : Output buffer size: 4096 samples, latency: 0.00ms, period: 10.00ms, DSP buffer: 1024 * 4
[LOG] Thread::initThread                       : Init FMOD stream thread. Affinity: 0x8000000000000003, Priority: 0xFFFF7FFB, Stack Size: 98304, Semaphore: No, Sleep Time: 10, Looping: Yes.
[LOG] Thread::initThread                       : Init FMOD mixer thread. Affinity: 0x8000000000000001, Priority: 0xFFFF7FFA, Stack Size: 81920, Semaphore: No, Sleep Time: 0, Looping: Yes.
[LOG] AsyncManager::init                       : manager 0000024B8F39F968 isAsync 0 updatePeriod 0.02
[LOG] AsyncManager::init                       : done
[LOG] PlaybackSystem::init                     : 
[LOG] Thread::initThread                       : Init FMOD Studio sample load thread. Affinity: 0x8000000000000003, Priority: 0xFFFF7FFD, Stack Size: 98304, Semaphore: No, Sleep Time: 1, Looping: No.
[LOG] PlaybackSystem::init                     : done
[LOG] Thread::initThread                       : Init FMOD Studio bank load thread. Affinity: 0x8000000000000003, Priority: 0xFFFF7FFD, Stack Size: 98304, Semaphore: No, Sleep Time: 1, Looping: No.
[LOG] Manager::init                            : done.
[LOG] Manager::readBank                        : fileversion = 135, compatVersion = 132 (oldest = 44, newest = 135)
[LOG] Manager::readBank                        : fileversion = 135, compatVersion = 132 (oldest = 44, newest = 135)
[LOG] Manager::readBank                        : fileversion = 135, compatVersion = 132 (oldest = 44, newest = 135)
[LOG] PlaybackSystem::acquireMasterBus         : Setting master channel group format to 6
[LOG] AsyncThread::threadFunc                  : Starting Asynchronous operation on sound 0000024BA516F7C8
[LOG] AsyncThread::threadFunc                  : Finished Asynchronous operation on sound 0000024BA516F7C8
[LOG] SystemI::createSound                     : filename = Assets/Audio/FMOD/LisLeu FMOD/Build/Desktop/Master.bank : mode 02010082
[LOG] SystemI::createSound                     : FMOD_NONBLOCKING specified.  Putting into queue to be opened asynchronously!
[LOG] SystemI::createSound                     : setdata soundi = 0000024BA517BEE8 : node = 0000024AA3172530
[LOG] SystemI::createSound                     : add node to async list : head = 0000024B6A2FB2E8.  list count = 0
[LOG] AsyncThread::threadFunc                  : Starting Asynchronous operation on sound 0000024BA517BEE8
[LOG] SystemI::createSoundInternal             :     Create name='Assets/Audio/FMOD/LisLeu FMOD/Build/Desktop/Master.bank', mode=0x02010082
[LOG] SystemI::createSoundInternal             :     exinfo->cbsize             = 224
[LOG] SystemI::createSoundInternal             :     exinfo->length             = 4256800
[LOG] SystemI::createSoundInternal             :     exinfo->fileoffset         = 25312
[LOG] SystemI::createSoundInternal             :     exinfo->numsubsounds       = 1
[LOG] SystemI::createSoundInternal             :     exinfo->inclusionlist      = 0000024AA3172640
[LOG] SystemI::createSoundInternal             :     exinfo->inclusionlistnum   = 1
[LOG] SystemI::createSoundInternal             :     exinfo->suggestedsoundtype = 5
[LOG] SystemI::createSoundInternal             :     exinfo->initialseekpostype = 1
[LOG] SystemI::createSoundInternal             :     Stream 0/1: name='Soundscape talher_1', format=5, channels=2, frequency=48000, lengthbytes=278816, lengthpcm=1384000, pcmblocksize=0, loopstart=0, loopend=0, mode=0x00000000, channelmask=0x00000000, channelorder=0, peakvolume=0.988500.
[LOG] AsyncThread::threadFunc                  : Finished Asynchronous operation on sound 0000024BA517BEE8
[LOG] AsyncThread::threadFunc                  : Starting Asynchronous operation on sound 0000024BA5175648
[LOG] AsyncThread::threadFunc                  : Finished Asynchronous operation on sound 0000024BA5175648
[LOG] SystemI::createSoundInternal             : Create name='', mode=0x02000202
[LOG] SystemI::createSoundInternal             : exinfo->cbsize             = 224
[LOG] SystemI::createSoundInternal             : exinfo->length             = 4256800
[LOG] SystemI::createSoundInternal             : exinfo->fileoffset         = 25312
[LOG] SystemI::createSoundInternal             : exinfo->numsubsounds       = 1
[LOG] SystemI::createSoundInternal             : exinfo->inclusionlist      = 00000070BDE5F028
[LOG] SystemI::createSoundInternal             : exinfo->inclusionlistnum   = 1
[LOG] SystemI::createSoundInternal             : exinfo->suggestedsoundtype = 5
[LOG] SystemI::createSoundInternal             : exinfo->useropen           = 00007FFF027F60E0
[LOG] SystemI::createSoundInternal             : exinfo->userclose          = 00007FFF027F60B0
[LOG] SystemI::createSoundInternal             : exinfo->userread           = 00007FFF027F61B0
[LOG] SystemI::createSoundInternal             : exinfo->userseek           = 00007FFF027F6270
[LOG] SystemI::createSoundInternal             : exinfo->fileuserdata       = 0000024BA64FEE38
[LOG] SystemI::createSoundInternal             : exinfo->initialseekpostype = 1
[LOG] SystemI::DSPCodecPoolRegister            : register codec pool for pool type 5
[LOG] SystemI::createSoundInternal             : Sample 0/1: name='pop 4', format=5, channels=2, frequency=48000, lengthbytes=1792, lengthpcm=6674, pcmblocksize=0, loopstart=0, loopend=0, mode=0x00000000, channelmask=0x00000000, channelorder=0, peakvolume=0.988500.
[LOG] SystemI::createSoundInternal             : Create name='', mode=0x02000202
[LOG] SystemI::createSoundInternal             : exinfo->cbsize             = 224
[LOG] SystemI::createSoundInternal             : exinfo->length             = 4256800
[LOG] SystemI::createSoundInternal             : exinfo->fileoffset         = 25312
[LOG] SystemI::createSoundInternal             : exinfo->numsubsounds       = 1
[LOG] SystemI::createSoundInternal             : exinfo->inclusionlist      = 00000070BDE5F028
[LOG] SystemI::createSoundInternal             : exinfo->inclusionlistnum   = 1
[LOG] SystemI::createSoundInternal             : exinfo->suggestedsoundtype = 5
[LOG] SystemI::createSoundInternal             : exinfo->useropen           = 00007FFF027F60E0
[LOG] SystemI::createSoundInternal             : exinfo->userclose          = 00007FFF027F60B0
[LOG] SystemI::createSoundInternal             : exinfo->userread           = 00007FFF027F61B0
[LOG] SystemI::createSoundInternal             : exinfo->userseek           = 00007FFF027F6270
[LOG] SystemI::createSoundInternal             : exinfo->fileuserdata       = 0000024BA64FEE38
[LOG] SystemI::createSoundInternal             : exinfo->initialseekpostype = 1
[LOG] SystemI::DSPCodecPoolRegister            : register codec pool for pool type 5
[LOG] SystemI::createSoundInternal             : Sample 0/1: name='pop 2', format=5, channels=2, frequency=48000, lengthbytes=2144, lengthpcm=6674, pcmblocksize=0, loopstart=0, loopend=0, mode=0x00000000, channelmask=0x00000000, channelorder=0, peakvolume=0.697026.
[LOG] SystemI::createSound                     : filename = Assets/Audio/FMOD/LisLeu FMOD/Build/Desktop/Master.bank : mode 02010082
[LOG] SystemI::createSound                     : FMOD_NONBLOCKING specified.  Putting into queue to be opened asynchronously!
[LOG] SystemI::createSound                     : setdata soundi = 0000024BA5179D28 : node = 0000024B6A5890C0
[LOG] SystemI::createSound                     : add node to async list : head = 0000024B6A2FB2E8.  list count = 0
[LOG] AsyncThread::threadFunc                  : Starting Asynchronous operation on sound 0000024BA5179D28
[LOG] SystemI::createSoundInternal             :     Create name='Assets/Audio/FMOD/LisLeu FMOD/Build/Desktop/Master.bank', mode=0x02010082
[LOG] SystemI::createSoundInternal             :     exinfo->cbsize             = 224
[LOG] SystemI::createSoundInternal             :     exinfo->length             = 4256800
[LOG] SystemI::createSoundInternal             :     exinfo->fileoffset         = 25312
[LOG] SystemI::createSoundInternal             :     exinfo->numsubsounds       = 1
[LOG] SystemI::createSoundInternal             :     exinfo->inclusionlist      = 0000024B6A5891D0
[LOG] SystemI::createSoundInternal             :     exinfo->inclusionlistnum   = 1
[LOG] SystemI::createSoundInternal             :     exinfo->suggestedsoundtype = 5
[LOG] SystemI::createSoundInternal             :     exinfo->initialseekpostype = 1
[LOG] SystemI::createSoundInternal             :     Stream 0/1: name='Soundscape talher_1', format=5, channels=2, frequency=48000, lengthbytes=278816, lengthpcm=1384000, pcmblocksize=0, loopstart=0, loopend=0, mode=0x00000000, channelmask=0x00000000, channelorder=0, peakvolume=0.988500.
[LOG] AsyncThread::threadFunc                  : Finished Asynchronous operation on sound 0000024BA5179D28
[LOG] AsyncThread::threadFunc                  : Starting Asynchronous operation on sound 0000024BA5177148
[LOG] AsyncThread::threadFunc                  : Finished Asynchronous operation on sound 0000024BA5177148
[LOG] SystemI::createSoundInternal             : Create name='', mode=0x02000202
[LOG] SystemI::createSoundInternal             : exinfo->cbsize             = 224
[LOG] SystemI::createSoundInternal             : exinfo->length             = 4256800
[LOG] SystemI::createSoundInternal             : exinfo->fileoffset         = 25312
[LOG] SystemI::createSoundInternal             : exinfo->numsubsounds       = 1
[LOG] SystemI::createSoundInternal             : exinfo->inclusionlist      = 00000070BDE5F028
[LOG] SystemI::createSoundInternal             : exinfo->inclusionlistnum   = 1
[LOG] SystemI::createSoundInternal             : exinfo->suggestedsoundtype = 5
[LOG] SystemI::createSoundInternal             : exinfo->useropen           = 00007FFF027F60E0
[LOG] SystemI::createSoundInternal             : exinfo->userclose          = 00007FFF027F60B0
[LOG] SystemI::createSoundInternal             : exinfo->userread           = 00007FFF027F61B0
[LOG] SystemI::createSoundInternal             : exinfo->userseek           = 00007FFF027F6270
[LOG] SystemI::createSoundInternal             : exinfo->fileuserdata       = 0000024BA7327D98
[LOG] SystemI::createSoundInternal             : exinfo->initialseekpostype = 1
[LOG] SystemI::DSPCodecPoolRegister            : register codec pool for pool type 5
[LOG] SystemI::createSoundInternal             : Sample 0/1: name='pop', format=5, channels=2, frequency=48000, lengthbytes=1888, lengthpcm=6999, pcmblocksize=0, loopstart=0, loopend=0, mode=0x00000000, channelmask=0x00000000, channelorder=0, peakvolume=0.988500.
[LOG] SystemI::createSound                     : filename = Assets/Audio/FMOD/LisLeu FMOD/Build/Desktop/Master.bank : mode 02010082
[LOG] SystemI::createSound                     : FMOD_NONBLOCKING specified.  Putting into queue to be opened asynchronously!
[LOG] SystemI::createSound                     : setdata soundi = 0000024BA5176218 : node = 0000024AA2693E50
[LOG] SystemI::createSound                     : add node to async list : head = 0000024B6A2FB2E8.  list count = 0
[LOG] AsyncThread::threadFunc                  : Starting Asynchronous operation on sound 0000024BA5176218
[LOG] SystemI::createSoundInternal             :     Create name='Assets/Audio/FMOD/LisLeu FMOD/Build/Desktop/Master.bank', mode=0x02010082
[LOG] SystemI::createSoundInternal             :     exinfo->cbsize             = 224
[LOG] SystemI::createSoundInternal             :     exinfo->length             = 4256800
[LOG] SystemI::createSoundInternal             :     exinfo->fileoffset         = 25312
[LOG] SystemI::createSoundInternal             :     exinfo->numsubsounds       = 1
[LOG] SystemI::createSoundInternal             :     exinfo->inclusionlist      = 0000024AA2693F60
[LOG] SystemI::createSoundInternal             :     exinfo->inclusionlistnum   = 1
[LOG] SystemI::createSoundInternal             :     exinfo->suggestedsoundtype = 5
[LOG] SystemI::createSoundInternal             :     exinfo->initialseekpostype = 1
[LOG] SystemI::createSoundInternal             :     Stream 0/1: name='Soundscape talher_1', format=5, channels=2, frequency=48000, lengthbytes=278816, lengthpcm=1384000, pcmblocksize=0, loopstart=0, loopend=0, mode=0x00000000, channelmask=0x00000000, channelorder=0, peakvolume=0.988500.
[LOG] AsyncThread::threadFunc                  : Finished Asynchronous operation on sound 0000024BA5176218
[LOG] AsyncThread::threadFunc                  : Starting Asynchronous operation on sound 0000024BA517BB88
[LOG] AsyncThread::threadFunc                  : Finished Asynchronous operation on sound 0000024BA517BB88
[LOG] SoundI::release                          :  (0000024BA742AA38)
[LOG] SoundI::release                          :     pop 2 (0000024B79CE11C8)
[LOG] SoundI::release                          :  (0000024BA742A758)
[LOG] SoundI::release                          :     pop 4 (0000024B79CDFCA8)
[LOG] SoundI::release                          :  (0000024B98908A98)
[LOG] SoundI::release                          :     pop (0000024B796BF768)
[LOG] SoundI::release                          :  (0000024B66667248)
[LOG] SoundI::release                          :     queimando (0000024AA3E981D8)
[LOG] SoundI::release                          :  (0000024B666656F8)
[LOG] SoundI::release                          :     queimou 2 (0000024AA3E95FB8)
[LOG] SoundI::release                          :  (0000024B66664898)
[LOG] SoundI::release                          :     queimou (0000024AA3E98378)
[LOG] SoundI::release                          :  (0000024B66666F68)
[LOG] SoundI::release                          :     wrong 1 (0000024AA3E94DD8)
[LOG] SoundI::release                          :  (0000024B66664448)
[LOG] SoundI::release                          :     wrong 2 (0000024AA3E97818)
[LOG] SoundI::release                          :  (0000024B66667808)
[LOG] SoundI::release                          :     wrong 3 (0000024AA3E96E58)
[LOG] SoundI::release                          :  (0000024B66665138)
[LOG] SoundI::release                          :     wrong 5 (0000024AA3E96CB8)
[LOG] SoundI::release                          :  (0000024B66664A08)
[LOG] SoundI::release                          :     cooking fire (0000024AA3E97338)
[LOG] SoundI::release                          :  (0000024B666666C8)
[LOG] SoundI::release                          :     chop 3.2 (0000024AA3E96978)
[LOG] SoundI::release                          :  (0000024B66665868)
[LOG] SoundI::release                          :     chop 2.2 (0000024AA3E99078)
[LOG] SoundI::release                          :  (0000024B66663758)
[LOG] SoundI::release                          :     chop 1.2 (0000024AA3E97198)
[LOG] SoundI::release                          :  (0000024B666659D8)
[LOG] SoundI::release                          :     chop 3.1 (0000024AA3E96B18)
[LOG] SoundI::release                          :  (0000024B666670D8)
[LOG] SoundI::release                          :     chop 2.1 (0000024AA3E96FF8)
[LOG] SoundI::release                          :  (0000024B66662618)
[LOG] SoundI::release                          :     chop 1.1 (0000024AA3E94F78)
[LOG] SoundI::release                          :  (0000024B66667C58)
[LOG] SoundI::release                          :     cooking fire 2 (0000024AA3E974D8)
[LOG] SoundI::release                          : cachorro (0000024BA51752E8)
[LOG] SoundI::release                          :     cachorro (0000024B69E38268)
[LOG] SoundI::release                          :     cachorro (0000024BA51732D8)
[LOG] SoundI::release                          : Soundscape talher_1 (0000024BA5176218)
[LOG] SoundI::release                          :     Soundscape talher_1 (0000024AA6AF1308)
[LOG] SoundI::release                          :     Soundscape talher_1 (0000024BA517BB88)
[LOG] SoundI::release                          : Soundscape talher_1 (0000024BA5179D28)
[LOG] SoundI::release                          :     Soundscape talher_1 (0000024B8A004A48)
[LOG] SoundI::release                          :     Soundscape talher_1 (0000024BA5177148)
[LOG] SoundI::release                          : Soundscape talher_1 (0000024BA517BEE8)
[LOG] SoundI::release                          :     Soundscape talher_1 (0000024AA3E945B8)
[LOG] SoundI::release                          :     Soundscape talher_1 (0000024BA5175648)
[LOG] SoundI::release                          : Soundscape talher_1 (0000024BA51706F8)
[LOG] SoundI::release                          :     Soundscape talher_1 (0000024B69E38748)
[LOG] SoundI::release                          :     Soundscape talher_1 (0000024BA516EA48)
[LOG] SoundI::release                          : pouca gente (0000024BA5170DB8)
[LOG] SoundI::release                          :     pouca gente (0000024B69DA8AF8)
[LOG] SoundI::release                          :     pouca gente (0000024BA516E898)
[LOG] SoundI::release                          : muita gente (0000024BA51717D8)
[LOG] SoundI::release                          :     muita gente (0000024B69DA87B8)
[LOG] SoundI::release                          :     muita gente (0000024BA516F7C8)
[LOG] SoundI::release                          :  (0000024B666663E8)
[LOG] SoundI::release                          :     cooking bubble (0000024AA3E94758)
[LOG] Thread::callback                         : FMOD Studio update thread finished.
[LOG] Thread::callback                         : FMOD Studio bank load thread finished.
[LOG] Profile::disconnectAll                   : Profiler disconnecting all clients
[LOG] Thread::callback                         : FMOD Studio sample load thread finished.
[LOG] LiveUpdate::release                      : 
[LOG] LiveUpdate::reset                        : Reset connection (reason Disconnected)
[LOG] Thread::callback                         : FMOD stream thread finished.
[LOG] Thread::callback                         : FMOD mixer thread finished.
[LOG] Profile::disconnectAll                   : Profiler disconnecting all clients
[LOG] SystemI::close                           : Closed.
